<?xml version="1.0" encoding="UTF-8"?>
<!-- Generated by org.testng.reporters.JUnitXMLReporter -->
<testsuite ignored="0" hostname="DESKTOP-9HIP4DD" failures="0" tests="8" name="Default test" time="11.247" errors="0" timestamp="2024-05-10T16:44:50 EEST">
  <testcase classname="curs19.SeleniumLocators" name="tagNameLocator" time="0.026"/>
  <testcase classname="curs19.SeleniumLocators" name="linkTextLocator" time="0.392"/>
  <testcase classname="curs19.SeleniumLocators" name="partialLinkTextLocator" time="0.538"/>
  <testcase classname="curs19.SeleniumLocators" name="classNameLocator" time="0.035"/>
  <testcase classname="curs19.SeleniumLocators" name="idLocator" time="0.068"/>
  <testcase classname="curs19.SeleniumLocators" name="nameLocator" time="3.111"/>
  <testcase classname="curs19.SeleniumLocators" name="cssSelectorLocator" time="0.046"/>
  <testcase classname="curs19.SeleniumLocators" name="xpatxLocator" time="0.039"/>
</testsuite> <!-- Default test -->
