<?xml version="1.0" encoding="UTF-8"?>
<testng-results ignored="0" total="1" passed="1" failed="0" skipped="0">
  <reporter-output>
  </reporter-output>
  <suite started-at="2024-05-14T16:39:02 EEST" name="Default suite" finished-at="2024-05-14T16:39:14 EEST" duration-ms="12052">
    <groups>
    </groups>
    <test started-at="2024-05-14T16:39:02 EEST" name="Default test" finished-at="2024-05-14T16:39:14 EEST" duration-ms="12052">
      <class name="curs21.IsSelected">
        <test-method is-config="true" signature="setup()[pri:0, instance:curs21.IsSelected@5fdcaa40]" started-at="2024-05-14T16:39:02 EEST" name="setup" finished-at="2024-05-14T16:39:04 EEST" duration-ms="1756" status="PASS">
          <reporter-output>
          </reporter-output>
        </test-method> <!-- setup -->
        <test-method signature="isSelectedTest()[pri:0, instance:curs21.IsSelected@5fdcaa40]" started-at="2024-05-14T16:39:04 EEST" name="isSelectedTest" finished-at="2024-05-14T16:39:09 EEST" duration-ms="5153" status="PASS">
          <reporter-output>
          </reporter-output>
        </test-method> <!-- isSelectedTest -->
        <test-method is-config="true" signature="tearDown()[pri:0, instance:curs21.IsSelected@5fdcaa40]" started-at="2024-05-14T16:39:09 EEST" name="tearDown" finished-at="2024-05-14T16:39:14 EEST" duration-ms="5125" status="PASS">
          <reporter-output>
          </reporter-output>
        </test-method> <!-- tearDown -->
      </class> <!-- curs21.IsSelected -->
    </test> <!-- Default test -->
  </suite> <!-- Default suite -->
</testng-results>
